android/app/build/intermediates/manifest_merge_blame_file/debug/manifest-merger-blame-debug-report.txt
1<?xml version="1.0" encoding="utf-8"?>
2<manifest xmlns:android="http://schemas.android.com/apk/res/android"
3    package="com.lga"
4    android:versionCode="1"
5    android:versionName="1.0" >
6
7    <uses-sdk
8        android:minSdkVersion="21"
9        android:targetSdkVersion="30" />
10
11    <uses-permission android:name="android.permission.SYSTEM_ALERT_WINDOW" />
11-->src/debug/AndroidManifest.xml:5:5-77
11-->src/debug/AndroidManifest.xml:5:22-75
12    <uses-permission android:name="android.permission.INTERNET" />
12-->src/main/AndroidManifest.xml:4:5-67
12-->src/main/AndroidManifest.xml:4:22-64
13    <uses-permission android:name="android.permission.ACCESS_WIFI_STATE" />
13-->[com.facebook.flipper:flipper:0.99.0] AndroidManifest.xml:16:5-76
13-->[com.facebook.flipper:flipper:0.99.0] AndroidManifest.xml:16:22-73
14    <uses-permission android:name="android.permission.WAKE_LOCK" />
14-->[:react-native-firebase_messaging] AndroidManifest.xml:10:5-68
14-->[:react-native-firebase_messaging] AndroidManifest.xml:10:22-65
15    <uses-permission android:name="android.permission.ACCESS_NETWORK_STATE" /> <!-- Required by older versions of Google Play services to create IID tokens -->
15-->[:react-native-firebase_messaging] AndroidManifest.xml:11:5-79
15-->[:react-native-firebase_messaging] AndroidManifest.xml:11:22-76
16    <uses-permission android:name="com.google.android.c2dm.permission.RECEIVE" />
16-->[com.google.firebase:firebase-messaging:23.0.0] AndroidManifest.xml:25:5-82
16-->[com.google.firebase:firebase-messaging:23.0.0] AndroidManifest.xml:25:22-79
17
18    <application
18-->src/main/AndroidManifest.xml:6:5-24:19
19        android:name="com.lga.MainApplication"
19-->src/main/AndroidManifest.xml:7:7-38
20        android:allowBackup="false"
20-->src/main/AndroidManifest.xml:11:7-34
21        android:appComponentFactory="androidx.core.app.CoreComponentFactory"
21-->[androidx.core:core:1.6.0] AndroidManifest.xml:24:18-86
22        android:debuggable="true"
23        android:icon="@mipmap/ic_launcher"
23-->src/main/AndroidManifest.xml:9:7-41
24        android:label="@string/app_name"
24-->src/main/AndroidManifest.xml:8:7-39
25        android:roundIcon="@mipmap/ic_launcher_round"
25-->src/main/AndroidManifest.xml:10:7-52
26        android:theme="@style/AppTheme"
26-->src/main/AndroidManifest.xml:12:7-38
27        android:usesCleartextTraffic="true" >
27-->src/debug/AndroidManifest.xml:8:9-44
28        <activity android:name="com.facebook.react.devsupport.DevSettingsActivity" />
28-->src/debug/AndroidManifest.xml:11:9-86
28-->src/debug/AndroidManifest.xml:11:19-83
29        <activity
29-->src/main/AndroidManifest.xml:13:7-23:18
30            android:name="com.lga.MainActivity"
30-->src/main/AndroidManifest.xml:14:9-37
31            android:configChanges="keyboard|keyboardHidden|orientation|screenSize|uiMode"
31-->src/main/AndroidManifest.xml:16:9-86
32            android:label="@string/app_name"
32-->src/main/AndroidManifest.xml:15:9-41
33            android:launchMode="singleTop"
33-->src/main/AndroidManifest.xml:17:9-39
34            android:windowSoftInputMode="adjustPan" >
34-->src/main/AndroidManifest.xml:18:9-48
35            <intent-filter>
35-->src/main/AndroidManifest.xml:19:9-22:25
36                <action android:name="android.intent.action.MAIN" />
36-->src/main/AndroidManifest.xml:20:13-65
36-->src/main/AndroidManifest.xml:20:21-62
37
38                <category android:name="android.intent.category.LAUNCHER" />
38-->src/main/AndroidManifest.xml:21:13-73
38-->src/main/AndroidManifest.xml:21:23-70
39            </intent-filter>
40        </activity>
41
42        <service android:name="io.invertase.firebase.messaging.ReactNativeFirebaseMessagingHeadlessService" />
42-->[:react-native-firebase_messaging] AndroidManifest.xml:14:9-111
42-->[:react-native-firebase_messaging] AndroidManifest.xml:14:18-108
43        <service
43-->[:react-native-firebase_messaging] AndroidManifest.xml:15:9-21:19
44            android:name="io.invertase.firebase.messaging.ReactNativeFirebaseMessagingService"
44-->[:react-native-firebase_messaging] AndroidManifest.xml:16:13-95
45            android:exported="false" >
45-->[:react-native-firebase_messaging] AndroidManifest.xml:17:13-37
46            <intent-filter>
46-->[:react-native-firebase_messaging] AndroidManifest.xml:18:13-20:29
47                <action android:name="com.google.firebase.MESSAGING_EVENT" />
47-->[:react-native-firebase_messaging] AndroidManifest.xml:19:17-78
47-->[:react-native-firebase_messaging] AndroidManifest.xml:19:25-75
48            </intent-filter>
49        </service>
50
51        <receiver
51-->[:react-native-firebase_messaging] AndroidManifest.xml:23:9-30:20
52            android:name="io.invertase.firebase.messaging.ReactNativeFirebaseMessagingReceiver"
52-->[:react-native-firebase_messaging] AndroidManifest.xml:24:13-96
53            android:exported="true"
53-->[:react-native-firebase_messaging] AndroidManifest.xml:25:13-36
54            android:permission="com.google.android.c2dm.permission.SEND" >
54-->[:react-native-firebase_messaging] AndroidManifest.xml:26:13-73
55            <intent-filter>
55-->[:react-native-firebase_messaging] AndroidManifest.xml:27:13-29:29
56                <action android:name="com.google.android.c2dm.intent.RECEIVE" />
56-->[:react-native-firebase_messaging] AndroidManifest.xml:28:17-81
56-->[:react-native-firebase_messaging] AndroidManifest.xml:28:25-78
57            </intent-filter>
58        </receiver>
59
60        <meta-data
60-->[:react-native-firebase_messaging] AndroidManifest.xml:32:9-34:36
61            android:name="firebase_messaging_auto_init_enabled"
61-->[:react-native-firebase_messaging] AndroidManifest.xml:33:13-64
62            android:value="true" />
62-->[:react-native-firebase_messaging] AndroidManifest.xml:34:13-33
63        <meta-data
63-->[:react-native-firebase_messaging] AndroidManifest.xml:35:9-37:32
64            android:name="com.google.firebase.messaging.default_notification_channel_id"
64-->[:react-native-firebase_messaging] AndroidManifest.xml:36:13-89
65            android:value="" />
65-->[:react-native-firebase_messaging] AndroidManifest.xml:37:13-29
66        <meta-data
66-->[:react-native-firebase_messaging] AndroidManifest.xml:38:9-40:47
67            android:name="com.google.firebase.messaging.default_notification_color"
67-->[:react-native-firebase_messaging] AndroidManifest.xml:39:13-84
68            android:resource="@color/white" />
68-->[:react-native-firebase_messaging] AndroidManifest.xml:40:13-44
69        <meta-data
69-->[:react-native-firebase_app] AndroidManifest.xml:10:9-12:36
70            android:name="app_data_collection_default_enabled"
70-->[:react-native-firebase_app] AndroidManifest.xml:11:13-63
71            android:value="true" />
71-->[:react-native-firebase_app] AndroidManifest.xml:12:13-33
72
73        <service
73-->[:react-native-firebase_app] AndroidManifest.xml:14:9-18:19
74            android:name="com.google.firebase.components.ComponentDiscoveryService"
74-->[:react-native-firebase_app] AndroidManifest.xml:14:18-89
75            android:directBootAware="true"
75-->[com.google.firebase:firebase-common:20.0.0] AndroidManifest.xml:35:13-43
76            android:exported="false" >
76-->[com.google.firebase:firebase-messaging:23.0.0] AndroidManifest.xml:51:13-37
77            <meta-data
77-->[:react-native-firebase_app] AndroidManifest.xml:15:13-17:85
78                android:name="com.google.firebase.components:io.invertase.firebase.app.ReactNativeFirebaseAppRegistrar"
78-->[:react-native-firebase_app] AndroidManifest.xml:16:17-120
79                android:value="com.google.firebase.components.ComponentRegistrar" />
79-->[:react-native-firebase_app] AndroidManifest.xml:17:17-82
80            <meta-data
80-->[com.google.firebase:firebase-messaging:23.0.0] AndroidManifest.xml:52:13-54:85
81                android:name="com.google.firebase.components:com.google.firebase.messaging.FirebaseMessagingRegistrar"
81-->[com.google.firebase:firebase-messaging:23.0.0] AndroidManifest.xml:53:17-119
82                android:value="com.google.firebase.components.ComponentRegistrar" />
82-->[com.google.firebase:firebase-messaging:23.0.0] AndroidManifest.xml:54:17-82
83            <meta-data
83-->[com.google.firebase:firebase-datatransport:18.0.0] AndroidManifest.xml:28:13-30:85
84                android:name="com.google.firebase.components:com.google.firebase.datatransport.TransportRegistrar"
84-->[com.google.firebase:firebase-datatransport:18.0.0] AndroidManifest.xml:29:17-115
85                android:value="com.google.firebase.components.ComponentRegistrar" />
85-->[com.google.firebase:firebase-datatransport:18.0.0] AndroidManifest.xml:30:17-82
86            <meta-data
86-->[com.google.firebase:firebase-installations:17.0.0] AndroidManifest.xml:18:13-20:85
87                android:name="com.google.firebase.components:com.google.firebase.installations.FirebaseInstallationsRegistrar"
87-->[com.google.firebase:firebase-installations:17.0.0] AndroidManifest.xml:19:17-127
88                android:value="com.google.firebase.components.ComponentRegistrar" />
88-->[com.google.firebase:firebase-installations:17.0.0] AndroidManifest.xml:20:17-82
89        </service>
90
91        <provider
91-->[:react-native-firebase_app] AndroidManifest.xml:20:9-24:38
92            android:name="io.invertase.firebase.app.ReactNativeFirebaseAppInitProvider"
92-->[:react-native-firebase_app] AndroidManifest.xml:21:13-88
93            android:authorities="com.lga.reactnativefirebaseappinitprovider"
93-->[:react-native-firebase_app] AndroidManifest.xml:22:13-86
94            android:exported="false"
94-->[:react-native-firebase_app] AndroidManifest.xml:23:13-37
95            android:initOrder="99" />
95-->[:react-native-firebase_app] AndroidManifest.xml:24:13-35
96
97        <receiver
97-->[com.google.firebase:firebase-messaging:23.0.0] AndroidManifest.xml:28:9-35:20
98            android:name="com.google.firebase.iid.FirebaseInstanceIdReceiver"
98-->[com.google.firebase:firebase-messaging:23.0.0] AndroidManifest.xml:29:13-78
99            android:exported="true"
99-->[com.google.firebase:firebase-messaging:23.0.0] AndroidManifest.xml:30:13-36
100            android:permission="com.google.android.c2dm.permission.SEND" >
100-->[com.google.firebase:firebase-messaging:23.0.0] AndroidManifest.xml:31:13-73
101            <intent-filter>
101-->[:react-native-firebase_messaging] AndroidManifest.xml:27:13-29:29
102                <action android:name="com.google.android.c2dm.intent.RECEIVE" />
102-->[:react-native-firebase_messaging] AndroidManifest.xml:28:17-81
102-->[:react-native-firebase_messaging] AndroidManifest.xml:28:25-78
103            </intent-filter>
104        </receiver>
105        <!--
106             FirebaseMessagingService performs security checks at runtime,
107             but set to not exported to explicitly avoid allowing another app to call it.
108        -->
109        <service
109-->[com.google.firebase:firebase-messaging:23.0.0] AndroidManifest.xml:41:9-48:19
110            android:name="com.google.firebase.messaging.FirebaseMessagingService"
110-->[com.google.firebase:firebase-messaging:23.0.0] AndroidManifest.xml:42:13-82
111            android:directBootAware="true"
111-->[com.google.firebase:firebase-messaging:23.0.0] AndroidManifest.xml:43:13-43
112            android:exported="false" >
112-->[com.google.firebase:firebase-messaging:23.0.0] AndroidManifest.xml:44:13-37
113            <intent-filter android:priority="-500" >
113-->[:react-native-firebase_messaging] AndroidManifest.xml:18:13-20:29
114                <action android:name="com.google.firebase.MESSAGING_EVENT" />
114-->[:react-native-firebase_messaging] AndroidManifest.xml:19:17-78
114-->[:react-native-firebase_messaging] AndroidManifest.xml:19:25-75
115            </intent-filter>
116        </service>
117        <service
117-->[com.google.android.datatransport:transport-backend-cct:3.0.0] AndroidManifest.xml:29:9-35:19
118            android:name="com.google.android.datatransport.runtime.backends.TransportBackendDiscovery"
118-->[com.google.android.datatransport:transport-backend-cct:3.0.0] AndroidManifest.xml:30:13-103
119            android:exported="false" >
119-->[com.google.android.datatransport:transport-backend-cct:3.0.0] AndroidManifest.xml:31:13-37
120            <meta-data
120-->[com.google.android.datatransport:transport-backend-cct:3.0.0] AndroidManifest.xml:32:13-34:39
121                android:name="backend:com.google.android.datatransport.cct.CctBackendFactory"
121-->[com.google.android.datatransport:transport-backend-cct:3.0.0] AndroidManifest.xml:33:17-94
122                android:value="cct" />
122-->[com.google.android.datatransport:transport-backend-cct:3.0.0] AndroidManifest.xml:34:17-36
123        </service>
124        <service
124-->[com.google.android.datatransport:transport-runtime:3.0.0] AndroidManifest.xml:26:9-30:19
125            android:name="com.google.android.datatransport.runtime.scheduling.jobscheduling.JobInfoSchedulerService"
125-->[com.google.android.datatransport:transport-runtime:3.0.0] AndroidManifest.xml:27:13-117
126            android:exported="false"
126-->[com.google.android.datatransport:transport-runtime:3.0.0] AndroidManifest.xml:28:13-37
127            android:permission="android.permission.BIND_JOB_SERVICE" >
127-->[com.google.android.datatransport:transport-runtime:3.0.0] AndroidManifest.xml:29:13-69
128        </service>
129
130        <receiver
130-->[com.google.android.datatransport:transport-runtime:3.0.0] AndroidManifest.xml:32:9-34:40
131            android:name="com.google.android.datatransport.runtime.scheduling.jobscheduling.AlarmManagerSchedulerBroadcastReceiver"
131-->[com.google.android.datatransport:transport-runtime:3.0.0] AndroidManifest.xml:33:13-132
132            android:exported="false" />
132-->[com.google.android.datatransport:transport-runtime:3.0.0] AndroidManifest.xml:34:13-37
133
134        <activity
134-->[com.google.android.gms:play-services-auth:20.0.1] AndroidManifest.xml:23:9-27:75
135            android:name="com.google.android.gms.auth.api.signin.internal.SignInHubActivity"
135-->[com.google.android.gms:play-services-auth:20.0.1] AndroidManifest.xml:24:13-93
136            android:excludeFromRecents="true"
136-->[com.google.android.gms:play-services-auth:20.0.1] AndroidManifest.xml:25:13-46
137            android:exported="false"
137-->[com.google.android.gms:play-services-auth:20.0.1] AndroidManifest.xml:26:13-37
138            android:theme="@android:style/Theme.Translucent.NoTitleBar" />
138-->[com.google.android.gms:play-services-auth:20.0.1] AndroidManifest.xml:27:13-72
139        <!--
140            Service handling Google Sign-In user revocation. For apps that do not integrate with
141            Google Sign-In, this service will never be started.
142        -->
143        <service
143-->[com.google.android.gms:play-services-auth:20.0.1] AndroidManifest.xml:33:9-37:51
144            android:name="com.google.android.gms.auth.api.signin.RevocationBoundService"
144-->[com.google.android.gms:play-services-auth:20.0.1] AndroidManifest.xml:34:13-89
145            android:exported="true"
145-->[com.google.android.gms:play-services-auth:20.0.1] AndroidManifest.xml:35:13-36
146            android:permission="com.google.android.gms.auth.api.signin.permission.REVOCATION_NOTIFICATION"
146-->[com.google.android.gms:play-services-auth:20.0.1] AndroidManifest.xml:36:13-107
147            android:visibleToInstantApps="true" />
147-->[com.google.android.gms:play-services-auth:20.0.1] AndroidManifest.xml:37:13-48
148
149        <activity
149-->[com.google.android.gms:play-services-base:18.0.1] AndroidManifest.xml:20:9-22:45
150            android:name="com.google.android.gms.common.api.GoogleApiActivity"
150-->[com.google.android.gms:play-services-base:18.0.1] AndroidManifest.xml:20:19-85
151            android:exported="false"
151-->[com.google.android.gms:play-services-base:18.0.1] AndroidManifest.xml:22:19-43
152            android:theme="@android:style/Theme.Translucent.NoTitleBar" />
152-->[com.google.android.gms:play-services-base:18.0.1] AndroidManifest.xml:21:19-78
153
154        <provider
154-->[com.google.firebase:firebase-common:20.0.0] AndroidManifest.xml:26:9-31:39
155            android:name="com.google.firebase.provider.FirebaseInitProvider"
155-->[com.google.firebase:firebase-common:20.0.0] AndroidManifest.xml:27:13-77
156            android:authorities="com.lga.firebaseinitprovider"
156-->[com.google.firebase:firebase-common:20.0.0] AndroidManifest.xml:28:13-72
157            android:directBootAware="true"
157-->[com.google.firebase:firebase-common:20.0.0] AndroidManifest.xml:29:13-43
158            android:exported="false"
158-->[com.google.firebase:firebase-common:20.0.0] AndroidManifest.xml:30:13-37
159            android:initOrder="100" />
159-->[com.google.firebase:firebase-common:20.0.0] AndroidManifest.xml:31:13-36
160
161        <meta-data
161-->[com.google.android.gms:play-services-basement:18.0.0] AndroidManifest.xml:21:9-23:69
162            android:name="com.google.android.gms.version"
162-->[com.google.android.gms:play-services-basement:18.0.0] AndroidManifest.xml:22:13-58
163            android:value="@integer/google_play_services_version" />
163-->[com.google.android.gms:play-services-basement:18.0.0] AndroidManifest.xml:23:13-66
164    </application>
165
166</manifest>